<?xml version="1.0" encoding="UTF-8"?>
<!-- Generated by org.testng.reporters.JUnitXMLReporter -->
<testsuite hostname="NEWNODE64" ignored="0" name="Test" tests="3" failures="3" timestamp="04 Jul 2018 07:19:45 GMT" time="30.581" errors="0">
  <testcase name="ScreenshotTest1" time="0.006" classname="com.qa.screenshots.SampleTest2">
    <failure type="java.lang.AssertionError" message="expected [true] but found [false]">
      <![CDATA[java.lang.AssertionError: expected [true] but found [false]
at com.qa.screenshots.SampleTest2.ScreenshotTest1(SampleTest2.java:19)
... Removed 31 stack frames]]>
    </failure>
  </testcase> <!-- ScreenshotTest1 -->
  <testcase name="ScreenshotTest2" time="0.001" classname="com.qa.screenshots.SampleTest2">
    <failure type="java.lang.AssertionError" message="expected [true] but found [false]">
      <![CDATA[java.lang.AssertionError: expected [true] but found [false]
at com.qa.screenshots.SampleTest2.ScreenshotTest2(SampleTest2.java:25)
... Removed 31 stack frames]]>
    </failure>
  </testcase> <!-- ScreenshotTest2 -->
  <testcase name="ScreenshotTest" time="0.004" classname="com.qa.screenshots.SampleTest">
    <failure type="java.lang.AssertionError" message="expected [true] but found [false]">
      <![CDATA[java.lang.AssertionError: expected [true] but found [false]
at com.qa.screenshots.SampleTest.ScreenshotTest(SampleTest.java:20)
... Removed 31 stack frames]]>
    </failure>
  </testcase> <!-- ScreenshotTest -->
</testsuite> <!-- Test -->
